<?xml version="1.0" encoding="UTF-8"?>
<coverage generated="1744722691185" clover="3.2.0">
  <project timestamp="1744722691185" name="All files">
    <metrics statements="81" coveredstatements="73" conditionals="20" coveredconditionals="11" methods="30" coveredmethods="24" elements="131" coveredelements="108" complexity="0" loc="81" ncloc="81" packages="7" files="8" classes="8"/>
    <package name="src">
      <metrics statements="5" coveredstatements="5" conditionals="0" coveredconditionals="0" methods="1" coveredmethods="1"/>
      <file name="App.js" path="C:\Users\Tima\OneDrive\Рабочий стол\Front-End\My-final-project\my-app\src\App.js">
        <metrics statements="2" coveredstatements="2" conditionals="0" coveredconditionals="0" methods="1" coveredmethods="1"/>
        <line num="8" count="1" type="stmt"/>
        <line num="9" count="2" type="stmt"/>
      </file>
      <file name="index.js" path="C:\Users\Tima\OneDrive\Рабочий стол\Front-End\My-final-project\my-app\src\index.js">
        <metrics statements="3" coveredstatements="3" conditionals="0" coveredconditionals="0" methods="0" coveredmethods="0"/>
        <line num="8" count="1" type="stmt"/>
        <line num="9" count="1" type="stmt"/>
        <line num="18" count="1" type="stmt"/>
      </file>
    </package>
    <package name="src.components.MyComments">
      <metrics statements="17" coveredstatements="17" conditionals="6" coveredconditionals="4" methods="8" coveredmethods="8"/>
      <file name="MyComments.jsx" path="C:\Users\Tima\OneDrive\Рабочий стол\Front-End\My-final-project\my-app\src\components\MyComments\MyComments.jsx">
        <metrics statements="17" coveredstatements="17" conditionals="6" coveredconditionals="4" methods="8" coveredmethods="8"/>
        <line num="9" count="1" type="stmt"/>
        <line num="10" count="93" type="stmt"/>
        <line num="17" count="93" type="stmt"/>
        <line num="19" count="93" type="stmt"/>
        <line num="20" count="6" type="cond" truecount="1" falsecount="1"/>
        <line num="21" count="6" type="cond" truecount="1" falsecount="1"/>
        <line num="23" count="6" type="stmt"/>
        <line num="25" count="6" type="stmt"/>
        <line num="26" count="6" type="stmt"/>
        <line num="29" count="93" type="stmt"/>
        <line num="30" count="5" type="stmt"/>
        <line num="33" count="93" type="stmt"/>
        <line num="34" count="1" type="stmt"/>
        <line num="35" count="5" type="cond" truecount="2" falsecount="0"/>
        <line num="39" count="93" type="stmt"/>
        <line num="45" count="78" type="stmt"/>
        <line num="52" count="394" type="stmt"/>
      </file>
    </package>
    <package name="src.components.MyComments.Comments">
      <metrics statements="4" coveredstatements="4" conditionals="2" coveredconditionals="2" methods="3" coveredmethods="3"/>
      <file name="Comments.jsx" path="C:\Users\Tima\OneDrive\Рабочий стол\Front-End\My-final-project\my-app\src\components\MyComments\Comments\Comments.jsx">
        <metrics statements="4" coveredstatements="4" conditionals="2" coveredconditionals="2" methods="3" coveredmethods="3"/>
        <line num="4" count="2" type="stmt"/>
        <line num="5" count="397" type="stmt"/>
        <line num="11" count="2" type="stmt"/>
        <line num="12" count="2" type="stmt"/>
      </file>
    </package>
    <package name="src.components.MyPictures">
      <metrics statements="46" coveredstatements="38" conditionals="10" coveredconditionals="4" methods="15" coveredmethods="9"/>
      <file name="MyPictures.jsx" path="C:\Users\Tima\OneDrive\Рабочий стол\Front-End\My-final-project\my-app\src\components\MyPictures\MyPictures.jsx">
        <metrics statements="46" coveredstatements="38" conditionals="10" coveredconditionals="4" methods="15" coveredmethods="9"/>
        <line num="22" count="1" type="stmt"/>
        <line num="23" count="5" type="stmt"/>
        <line num="24" count="5" type="stmt"/>
        <line num="32" count="5" type="stmt"/>
        <line num="34" count="5" type="stmt"/>
        <line num="51" count="5" type="stmt"/>
        <line num="52" count="5" type="stmt"/>
        <line num="54" count="5" type="stmt"/>
        <line num="55" count="1" type="stmt"/>
        <line num="56" count="1" type="cond" truecount="1" falsecount="1"/>
        <line num="57" count="1" type="stmt"/>
        <line num="58" count="1" type="stmt"/>
        <line num="59" count="1" type="stmt"/>
        <line num="61" count="1" type="stmt"/>
        <line num="65" count="5" type="stmt"/>
        <line num="66" count="1" type="cond" truecount="1" falsecount="1"/>
        <line num="67" count="1" type="stmt"/>
        <line num="68" count="1" type="stmt"/>
        <line num="69" count="1" type="stmt"/>
        <line num="70" count="1" type="stmt"/>
        <line num="71" count="1" type="cond" truecount="1" falsecount="1"/>
        <line num="72" count="1" type="stmt"/>
        <line num="74" count="1" type="stmt"/>
        <line num="75" count="1" type="stmt"/>
        <line num="79" count="5" type="stmt"/>
        <line num="80" count="0" type="stmt"/>
        <line num="81" count="0" type="stmt"/>
        <line num="82" count="0" type="stmt"/>
        <line num="83" count="0" type="cond" truecount="0" falsecount="2"/>
        <line num="84" count="0" type="stmt"/>
        <line num="88" count="5" type="stmt"/>
        <line num="89" count="0" type="stmt"/>
        <line num="94" count="5" type="stmt"/>
        <line num="95" count="71" type="stmt"/>
        <line num="96" count="71" type="cond" truecount="1" falsecount="1"/>
        <line num="98" count="71" type="stmt"/>
        <line num="112" count="0" type="stmt"/>
        <line num="117" count="0" type="stmt"/>
        <line num="127" count="5" type="stmt"/>
        <line num="134" count="1" type="stmt"/>
        <line num="146" count="5" type="stmt"/>
        <line num="164" count="5" type="stmt"/>
        <line num="165" count="5" type="stmt"/>
        <line num="166" count="5" type="stmt"/>
        <line num="168" count="5" type="stmt"/>
        <line num="175" count="5" type="stmt"/>
      </file>
    </package>
    <package name="src.components.Navbar">
      <metrics statements="2" coveredstatements="2" conditionals="0" coveredconditionals="0" methods="1" coveredmethods="1"/>
      <file name="Navbar.jsx" path="C:\Users\Tima\OneDrive\Рабочий стол\Front-End\My-final-project\my-app\src\components\Navbar\Navbar.jsx">
        <metrics statements="2" coveredstatements="2" conditionals="0" coveredconditionals="0" methods="1" coveredmethods="1"/>
        <line num="5" count="1" type="stmt"/>
        <line num="6" count="1" type="stmt"/>
      </file>
    </package>
    <package name="src.components.PictureDetails">
      <metrics statements="4" coveredstatements="4" conditionals="2" coveredconditionals="1" methods="1" coveredmethods="1"/>
      <file name="PictureDetails.jsx" path="C:\Users\Tima\OneDrive\Рабочий стол\Front-End\My-final-project\my-app\src\components\PictureDetails\PictureDetails.jsx">
        <metrics statements="4" coveredstatements="4" conditionals="2" coveredconditionals="1" methods="1" coveredmethods="1"/>
        <line num="6" count="1" type="stmt"/>
        <line num="7" count="1" type="stmt"/>
        <line num="8" count="1" type="cond" truecount="1" falsecount="1"/>
        <line num="10" count="1" type="stmt"/>
      </file>
    </package>
    <package name="src.components.Profile">
      <metrics statements="3" coveredstatements="3" conditionals="0" coveredconditionals="0" methods="1" coveredmethods="1"/>
      <file name="Profile.jsx" path="C:\Users\Tima\OneDrive\Рабочий стол\Front-End\My-final-project\my-app\src\components\Profile\Profile.jsx">
        <metrics statements="3" coveredstatements="3" conditionals="0" coveredconditionals="0" methods="1" coveredmethods="1"/>
        <line num="7" count="1" type="stmt"/>
        <line num="8" count="1" type="stmt"/>
        <line num="10" count="1" type="stmt"/>
      </file>
    </package>
  </project>
</coverage>
