{"C:\\Users\\Tima\\OneDrive\\Рабочий стол\\Front-End\\My-final-project\\my-app\\src\\App.js": {"path":"C:\\Users\\Tima\\OneDrive\\Рабочий стол\\Front-End\\My-final-project\\my-app\\src\\App.js","statementMap":{"0":{"start":{"line":8,"column":12},"end":{"line":18,"column":1}},"1":{"start":{"line":9,"column":2},"end":{"line":17,"column":4}}},"fnMap":{"0":{"name":"(anonymous_0)","decl":{"start":{"line":8,"column":12},"end":{"line":8,"column":13}},"loc":{"start":{"line":8,"column":18},"end":{"line":18,"column":1}},"line":8}},"branchMap":{},"s":{"0":1,"1":2},"f":{"0":2},"b":{},"_coverageSchema":"1a1c01bbd47fc00a2c39e90264f33305004495a9","hash":"74e11bb3acac8feb55c88047ba547bbe781254e7"}
,"C:\\Users\\Tima\\OneDrive\\Рабочий стол\\Front-End\\My-final-project\\my-app\\src\\index.js": {"path":"C:\\Users\\Tima\\OneDrive\\Рабочий стол\\Front-End\\My-final-project\\my-app\\src\\index.js","statementMap":{"0":{"start":{"line":8,"column":13},"end":{"line":8,"column":65}},"1":{"start":{"line":9,"column":0},"end":{"line":13,"column":2}},"2":{"start":{"line":18,"column":0},"end":{"line":18,"column":18}}},"fnMap":{},"branchMap":{},"s":{"0":1,"1":1,"2":1},"f":{},"b":{},"_coverageSchema":"1a1c01bbd47fc00a2c39e90264f33305004495a9","hash":"fca0ae3c859806cd79f11ed92ddf333919cc7d86"}
,"C:\\Users\\Tima\\OneDrive\\Рабочий стол\\Front-End\\My-final-project\\my-app\\src\\components\\MyComments\\MyComments.jsx": {"path":"C:\\Users\\Tima\\OneDrive\\Рабочий стол\\Front-End\\My-final-project\\my-app\\src\\components\\MyComments\\MyComments.jsx","statementMap":{"0":{"start":{"line":9,"column":26},"end":{"line":65,"column":1}},"1":{"start":{"line":10,"column":34},"end":{"line":15,"column":4}},"2":{"start":{"line":17,"column":38},"end":{"line":17,"column":50}},"3":{"start":{"line":19,"column":21},"end":{"line":27,"column":3}},"4":{"start":{"line":20,"column":4},"end":{"line":20,"column":41}},"5":{"start":{"line":20,"column":34},"end":{"line":20,"column":41}},"6":{"start":{"line":21,"column":18},"end":{"line":21,"column":80}},"7":{"start":{"line":23,"column":26},"end":{"line":23,"column":91}},"8":{"start":{"line":25,"column":4},"end":{"line":25,"column":46}},"9":{"start":{"line":26,"column":4},"end":{"line":26,"column":22}},"10":{"start":{"line":29,"column":24},"end":{"line":31,"column":3}},"11":{"start":{"line":30,"column":4},"end":{"line":30,"column":63}},"12":{"start":{"line":30,"column":43},"end":{"line":30,"column":60}},"13":{"start":{"line":33,"column":21},"end":{"line":37,"column":3}},"14":{"start":{"line":34,"column":4},"end":{"line":36,"column":7}},"15":{"start":{"line":35,"column":6},"end":{"line":35,"column":76}},"16":{"start":{"line":39,"column":2},"end":{"line":64,"column":4}},"17":{"start":{"line":45,"column":25},"end":{"line":45,"column":54}},"18":{"start":{"line":52,"column":10},"end":{"line":60,"column":12}}},"fnMap":{"0":{"name":"(anonymous_0)","decl":{"start":{"line":9,"column":26},"end":{"line":9,"column":27}},"loc":{"start":{"line":9,"column":48},"end":{"line":65,"column":1}},"line":9},"1":{"name":"(anonymous_1)","decl":{"start":{"line":19,"column":21},"end":{"line":19,"column":22}},"loc":{"start":{"line":19,"column":27},"end":{"line":27,"column":3}},"line":19},"2":{"name":"(anonymous_2)","decl":{"start":{"line":29,"column":24},"end":{"line":29,"column":25}},"loc":{"start":{"line":29,"column":32},"end":{"line":31,"column":3}},"line":29},"3":{"name":"(anonymous_3)","decl":{"start":{"line":30,"column":32},"end":{"line":30,"column":33}},"loc":{"start":{"line":30,"column":43},"end":{"line":30,"column":60}},"line":30},"4":{"name":"(anonymous_4)","decl":{"start":{"line":33,"column":21},"end":{"line":33,"column":22}},"loc":{"start":{"line":33,"column":29},"end":{"line":37,"column":3}},"line":33},"5":{"name":"(anonymous_5)","decl":{"start":{"line":34,"column":29},"end":{"line":34,"column":30}},"loc":{"start":{"line":35,"column":6},"end":{"line":35,"column":76}},"line":35},"6":{"name":"(anonymous_6)","decl":{"start":{"line":45,"column":18},"end":{"line":45,"column":19}},"loc":{"start":{"line":45,"column":25},"end":{"line":45,"column":54}},"line":45},"7":{"name":"(anonymous_7)","decl":{"start":{"line":51,"column":22},"end":{"line":51,"column":23}},"loc":{"start":{"line":52,"column":10},"end":{"line":60,"column":12}},"line":52}},"branchMap":{"0":{"loc":{"start":{"line":20,"column":4},"end":{"line":20,"column":41}},"type":"if","locations":[{"start":{"line":20,"column":4},"end":{"line":20,"column":41}},{"start":{},"end":{}}],"line":20},"1":{"loc":{"start":{"line":21,"column":18},"end":{"line":21,"column":80}},"type":"cond-expr","locations":[{"start":{"line":21,"column":40},"end":{"line":21,"column":76}},{"start":{"line":21,"column":79},"end":{"line":21,"column":80}}],"line":21},"2":{"loc":{"start":{"line":35,"column":6},"end":{"line":35,"column":76}},"type":"cond-expr","locations":[{"start":{"line":35,"column":26},"end":{"line":35,"column":66}},{"start":{"line":35,"column":69},"end":{"line":35,"column":76}}],"line":35}},"s":{"0":1,"1":93,"2":93,"3":93,"4":6,"5":0,"6":6,"7":6,"8":6,"9":6,"10":93,"11":1,"12":5,"13":93,"14":1,"15":5,"16":93,"17":78,"18":394},"f":{"0":93,"1":6,"2":1,"3":5,"4":1,"5":5,"6":78,"7":394},"b":{"0":[0,6],"1":[6,0],"2":[1,4]},"_coverageSchema":"1a1c01bbd47fc00a2c39e90264f33305004495a9","hash":"e4e457ba0c8ce870e7f683d69ae3e1aebed8e030"}
,"C:\\Users\\Tima\\OneDrive\\Рабочий стол\\Front-End\\My-final-project\\my-app\\src\\components\\MyComments\\Comments\\Comments.jsx": {"path":"C:\\Users\\Tima\\OneDrive\\Рабочий стол\\Front-End\\My-final-project\\my-app\\src\\components\\MyComments\\Comments\\Comments.jsx","statementMap":{"0":{"start":{"line":4,"column":17},"end":{"line":16,"column":1}},"1":{"start":{"line":5,"column":2},"end":{"line":15,"column":4}},"2":{"start":{"line":11,"column":56},"end":{"line":11,"column":66}},"3":{"start":{"line":12,"column":58},"end":{"line":12,"column":70}}},"fnMap":{"0":{"name":"(anonymous_0)","decl":{"start":{"line":4,"column":17},"end":{"line":4,"column":18}},"loc":{"start":{"line":4,"column":70},"end":{"line":16,"column":1}},"line":4},"1":{"name":"(anonymous_1)","decl":{"start":{"line":11,"column":50},"end":{"line":11,"column":51}},"loc":{"start":{"line":11,"column":56},"end":{"line":11,"column":66}},"line":11},"2":{"name":"(anonymous_2)","decl":{"start":{"line":12,"column":52},"end":{"line":12,"column":53}},"loc":{"start":{"line":12,"column":58},"end":{"line":12,"column":70}},"line":12}},"branchMap":{"0":{"loc":{"start":{"line":7,"column":7},"end":{"line":7,"column":48}},"type":"binary-expr","locations":[{"start":{"line":7,"column":7},"end":{"line":7,"column":12}},{"start":{"line":7,"column":16},"end":{"line":7,"column":48}}],"line":7}},"s":{"0":2,"1":397,"2":2,"3":2},"f":{"0":397,"1":2,"2":2},"b":{"0":[397,397]},"_coverageSchema":"1a1c01bbd47fc00a2c39e90264f33305004495a9","hash":"81d7a0bbfa09b1d0e0d9d8d444981618b4d4609c"}
,"C:\\Users\\Tima\\OneDrive\\Рабочий стол\\Front-End\\My-final-project\\my-app\\src\\components\\MyPictures\\MyPictures.jsx": {"path":"C:\\Users\\Tima\\OneDrive\\Рабочий стол\\Front-End\\My-final-project\\my-app\\src\\components\\MyPictures\\MyPictures.jsx","statementMap":{"0":{"start":{"line":22,"column":19},"end":{"line":161,"column":1}},"1":{"start":{"line":23,"column":21},"end":{"line":23,"column":34}},"2":{"start":{"line":24,"column":18},"end":{"line":30,"column":5}},"3":{"start":{"line":32,"column":23},"end":{"line":32,"column":35}},"4":{"start":{"line":34,"column":32},"end":{"line":49,"column":6}},"5":{"start":{"line":51,"column":36},"end":{"line":51,"column":50}},"6":{"start":{"line":52,"column":42},"end":{"line":52,"column":54}},"7":{"start":{"line":54,"column":30},"end":{"line":63,"column":5}},"8":{"start":{"line":55,"column":21},"end":{"line":55,"column":42}},"9":{"start":{"line":56,"column":8},"end":{"line":62,"column":9}},"10":{"start":{"line":57,"column":27},"end":{"line":57,"column":43}},"11":{"start":{"line":58,"column":12},"end":{"line":60,"column":14}},"12":{"start":{"line":59,"column":16},"end":{"line":59,"column":43}},"13":{"start":{"line":61,"column":12},"end":{"line":61,"column":39}},"14":{"start":{"line":65,"column":21},"end":{"line":77,"column":5}},"15":{"start":{"line":66,"column":8},"end":{"line":76,"column":9}},"16":{"start":{"line":67,"column":26},"end":{"line":67,"column":43}},"17":{"start":{"line":68,"column":12},"end":{"line":73,"column":15}},"18":{"start":{"line":69,"column":32},"end":{"line":69,"column":84}},"19":{"start":{"line":70,"column":16},"end":{"line":70,"column":41}},"20":{"start":{"line":71,"column":16},"end":{"line":71,"column":80}},"21":{"start":{"line":71,"column":40},"end":{"line":71,"column":80}},"22":{"start":{"line":72,"column":16},"end":{"line":72,"column":31}},"23":{"start":{"line":74,"column":12},"end":{"line":74,"column":30}},"24":{"start":{"line":75,"column":12},"end":{"line":75,"column":31}},"25":{"start":{"line":79,"column":24},"end":{"line":86,"column":5}},"26":{"start":{"line":80,"column":8},"end":{"line":85,"column":11}},"27":{"start":{"line":81,"column":28},"end":{"line":81,"column":67}},"28":{"start":{"line":81,"column":51},"end":{"line":81,"column":66}},"29":{"start":{"line":82,"column":12},"end":{"line":82,"column":37}},"30":{"start":{"line":83,"column":12},"end":{"line":83,"column":76}},"31":{"start":{"line":83,"column":36},"end":{"line":83,"column":76}},"32":{"start":{"line":84,"column":12},"end":{"line":84,"column":27}},"33":{"start":{"line":88,"column":29},"end":{"line":92,"column":5}},"34":{"start":{"line":89,"column":8},"end":{"line":91,"column":11}},"35":{"start":{"line":94,"column":25},"end":{"line":125,"column":5}},"36":{"start":{"line":95,"column":22},"end":{"line":95,"column":35}},"37":{"start":{"line":96,"column":8},"end":{"line":96,"column":32}},"38":{"start":{"line":96,"column":20},"end":{"line":96,"column":32}},"39":{"start":{"line":98,"column":8},"end":{"line":124,"column":10}},"40":{"start":{"line":112,"column":43},"end":{"line":112,"column":66}},"41":{"start":{"line":117,"column":43},"end":{"line":117,"column":64}},"42":{"start":{"line":127,"column":4},"end":{"line":160,"column":6}},"43":{"start":{"line":134,"column":33},"end":{"line":134,"column":63}},"44":{"start":{"line":146,"column":24},"end":{"line":155,"column":26}},"45":{"start":{"line":164,"column":24},"end":{"line":164,"column":27}},"46":{"start":{"line":165,"column":23},"end":{"line":165,"column":25}},"47":{"start":{"line":166,"column":24},"end":{"line":166,"column":25}},"48":{"start":{"line":168,"column":29},"end":{"line":173,"column":5}},"49":{"start":{"line":175,"column":4},"end":{"line":175,"column":50}}},"fnMap":{"0":{"name":"(anonymous_0)","decl":{"start":{"line":22,"column":19},"end":{"line":22,"column":20}},"loc":{"start":{"line":22,"column":25},"end":{"line":161,"column":1}},"line":22},"1":{"name":"(anonymous_1)","decl":{"start":{"line":54,"column":30},"end":{"line":54,"column":31}},"loc":{"start":{"line":54,"column":41},"end":{"line":63,"column":5}},"line":54},"2":{"name":"(anonymous_2)","decl":{"start":{"line":58,"column":31},"end":{"line":58,"column":32}},"loc":{"start":{"line":58,"column":37},"end":{"line":60,"column":13}},"line":58},"3":{"name":"(anonymous_3)","decl":{"start":{"line":65,"column":21},"end":{"line":65,"column":22}},"loc":{"start":{"line":65,"column":27},"end":{"line":77,"column":5}},"line":65},"4":{"name":"(anonymous_4)","decl":{"start":{"line":68,"column":22},"end":{"line":68,"column":23}},"loc":{"start":{"line":68,"column":32},"end":{"line":73,"column":13}},"line":68},"5":{"name":"(anonymous_5)","decl":{"start":{"line":79,"column":24},"end":{"line":79,"column":25}},"loc":{"start":{"line":79,"column":32},"end":{"line":86,"column":5}},"line":79},"6":{"name":"(anonymous_6)","decl":{"start":{"line":80,"column":18},"end":{"line":80,"column":19}},"loc":{"start":{"line":80,"column":28},"end":{"line":85,"column":9}},"line":80},"7":{"name":"(anonymous_7)","decl":{"start":{"line":81,"column":40},"end":{"line":81,"column":41}},"loc":{"start":{"line":81,"column":51},"end":{"line":81,"column":66}},"line":81},"8":{"name":"(anonymous_8)","decl":{"start":{"line":88,"column":29},"end":{"line":88,"column":30}},"loc":{"start":{"line":88,"column":40},"end":{"line":92,"column":5}},"line":88},"9":{"name":"(anonymous_9)","decl":{"start":{"line":94,"column":25},"end":{"line":94,"column":26}},"loc":{"start":{"line":94,"column":60},"end":{"line":125,"column":5}},"line":94},"10":{"name":"(anonymous_10)","decl":{"start":{"line":112,"column":37},"end":{"line":112,"column":38}},"loc":{"start":{"line":112,"column":43},"end":{"line":112,"column":66}},"line":112},"11":{"name":"(anonymous_11)","decl":{"start":{"line":117,"column":37},"end":{"line":117,"column":38}},"loc":{"start":{"line":117,"column":43},"end":{"line":117,"column":64}},"line":117},"12":{"name":"(anonymous_12)","decl":{"start":{"line":134,"column":26},"end":{"line":134,"column":27}},"loc":{"start":{"line":134,"column":33},"end":{"line":134,"column":63}},"line":134},"13":{"name":"(anonymous_13)","decl":{"start":{"line":145,"column":21},"end":{"line":145,"column":22}},"loc":{"start":{"line":146,"column":24},"end":{"line":155,"column":26}},"line":146},"14":{"name":"CellPositioner","decl":{"start":{"line":163,"column":9},"end":{"line":163,"column":23}},"loc":{"start":{"line":163,"column":38},"end":{"line":176,"column":1}},"line":163}},"branchMap":{"0":{"loc":{"start":{"line":56,"column":8},"end":{"line":62,"column":9}},"type":"if","locations":[{"start":{"line":56,"column":8},"end":{"line":62,"column":9}},{"start":{},"end":{}}],"line":56},"1":{"loc":{"start":{"line":66,"column":8},"end":{"line":76,"column":9}},"type":"if","locations":[{"start":{"line":66,"column":8},"end":{"line":76,"column":9}},{"start":{},"end":{}}],"line":66},"2":{"loc":{"start":{"line":71,"column":16},"end":{"line":71,"column":80}},"type":"if","locations":[{"start":{"line":71,"column":16},"end":{"line":71,"column":80}},{"start":{},"end":{}}],"line":71},"3":{"loc":{"start":{"line":83,"column":12},"end":{"line":83,"column":76}},"type":"if","locations":[{"start":{"line":83,"column":12},"end":{"line":83,"column":76}},{"start":{},"end":{}}],"line":83},"4":{"loc":{"start":{"line":96,"column":8},"end":{"line":96,"column":32}},"type":"if","locations":[{"start":{"line":96,"column":8},"end":{"line":96,"column":32}},{"start":{},"end":{}}],"line":96}},"s":{"0":1,"1":5,"2":5,"3":5,"4":5,"5":5,"6":5,"7":5,"8":1,"9":1,"10":1,"11":1,"12":1,"13":1,"14":5,"15":1,"16":1,"17":1,"18":1,"19":1,"20":1,"21":0,"22":1,"23":1,"24":1,"25":5,"26":0,"27":0,"28":0,"29":0,"30":0,"31":0,"32":0,"33":5,"34":0,"35":5,"36":71,"37":71,"38":0,"39":71,"40":0,"41":0,"42":5,"43":1,"44":5,"45":5,"46":5,"47":5,"48":5,"49":5},"f":{"0":5,"1":1,"2":1,"3":1,"4":1,"5":0,"6":0,"7":0,"8":0,"9":71,"10":0,"11":0,"12":1,"13":5,"14":5},"b":{"0":[1,0],"1":[1,0],"2":[0,1],"3":[0,0],"4":[0,71]},"_coverageSchema":"1a1c01bbd47fc00a2c39e90264f33305004495a9","hash":"85befe508cb8022c61778156a781ae31bd9e8029"}
,"C:\\Users\\Tima\\OneDrive\\Рабочий стол\\Front-End\\My-final-project\\my-app\\src\\components\\Navbar\\Navbar.jsx": {"path":"C:\\Users\\Tima\\OneDrive\\Рабочий стол\\Front-End\\My-final-project\\my-app\\src\\components\\Navbar\\Navbar.jsx","statementMap":{"0":{"start":{"line":5,"column":15},"end":{"line":36,"column":1}},"1":{"start":{"line":6,"column":2},"end":{"line":35,"column":4}}},"fnMap":{"0":{"name":"(anonymous_0)","decl":{"start":{"line":5,"column":15},"end":{"line":5,"column":16}},"loc":{"start":{"line":5,"column":21},"end":{"line":36,"column":1}},"line":5}},"branchMap":{},"s":{"0":1,"1":1},"f":{"0":1},"b":{},"_coverageSchema":"1a1c01bbd47fc00a2c39e90264f33305004495a9","hash":"9ded50cb3d2c092cc272907013c4fcbf38d14016"}
,"C:\\Users\\Tima\\OneDrive\\Рабочий стол\\Front-End\\My-final-project\\my-app\\src\\components\\PictureDetails\\PictureDetails.jsx": {"path":"C:\\Users\\Tima\\OneDrive\\Рабочий стол\\Front-End\\My-final-project\\my-app\\src\\components\\PictureDetails\\PictureDetails.jsx","statementMap":{"0":{"start":{"line":6,"column":23},"end":{"line":25,"column":1}},"1":{"start":{"line":7,"column":21},"end":{"line":7,"column":34}},"2":{"start":{"line":8,"column":38},"end":{"line":8,"column":58}},"3":{"start":{"line":10,"column":4},"end":{"line":24,"column":6}}},"fnMap":{"0":{"name":"(anonymous_0)","decl":{"start":{"line":6,"column":23},"end":{"line":6,"column":24}},"loc":{"start":{"line":6,"column":29},"end":{"line":25,"column":1}},"line":6}},"branchMap":{"0":{"loc":{"start":{"line":8,"column":38},"end":{"line":8,"column":58}},"type":"binary-expr","locations":[{"start":{"line":8,"column":38},"end":{"line":8,"column":52}},{"start":{"line":8,"column":56},"end":{"line":8,"column":58}}],"line":8}},"s":{"0":1,"1":1,"2":1,"3":1},"f":{"0":1},"b":{"0":[1,0]},"_coverageSchema":"1a1c01bbd47fc00a2c39e90264f33305004495a9","hash":"cddf8f948ea3c0dc597ecad10f6e9fc54a6ffd10"}
,"C:\\Users\\Tima\\OneDrive\\Рабочий стол\\Front-End\\My-final-project\\my-app\\src\\components\\Profile\\Profile.jsx": {"path":"C:\\Users\\Tima\\OneDrive\\Рабочий стол\\Front-End\\My-final-project\\my-app\\src\\components\\Profile\\Profile.jsx","statementMap":{"0":{"start":{"line":7,"column":16},"end":{"line":26,"column":1}},"1":{"start":{"line":8,"column":25},"end":{"line":8,"column":38}},"2":{"start":{"line":10,"column":4},"end":{"line":25,"column":6}}},"fnMap":{"0":{"name":"(anonymous_0)","decl":{"start":{"line":7,"column":16},"end":{"line":7,"column":17}},"loc":{"start":{"line":7,"column":22},"end":{"line":26,"column":1}},"line":7}},"branchMap":{},"s":{"0":1,"1":1,"2":1},"f":{"0":1},"b":{},"_coverageSchema":"1a1c01bbd47fc00a2c39e90264f33305004495a9","hash":"43accad935efd69c5b6d0410d1a157c19697a595"}
}
