TN:
SF:src\App.js
FN:8,(anonymous_0)
FNF:1
FNH:1
FNDA:2,(anonymous_0)
DA:8,1
DA:9,2
LF:2
LH:2
BRF:0
BRH:0
end_of_record
TN:
SF:src\index.js
FNF:0
FNH:0
DA:8,1
DA:9,1
DA:18,1
LF:3
LH:3
BRF:0
BRH:0
end_of_record
TN:
SF:src\components\MyComments\MyComments.jsx
FN:9,(anonymous_0)
FN:19,(anonymous_1)
FN:29,(anonymous_2)
FN:30,(anonymous_3)
FN:33,(anonymous_4)
FN:34,(anonymous_5)
FN:45,(anonymous_6)
FN:51,(anonymous_7)
FNF:8
FNH:8
FNDA:93,(anonymous_0)
FNDA:6,(anonymous_1)
FNDA:1,(anonymous_2)
FNDA:5,(anonymous_3)
FNDA:1,(anonymous_4)
FNDA:5,(anonymous_5)
FNDA:78,(anonymous_6)
FNDA:394,(anonymous_7)
DA:9,1
DA:10,93
DA:17,93
DA:19,93
DA:20,6
DA:21,6
DA:23,6
DA:25,6
DA:26,6
DA:29,93
DA:30,5
DA:33,93
DA:34,1
DA:35,5
DA:39,93
DA:45,78
DA:52,394
LF:17
LH:17
BRDA:20,0,0,0
BRDA:20,0,1,6
BRDA:21,1,0,6
BRDA:21,1,1,0
BRDA:35,2,0,1
BRDA:35,2,1,4
BRF:6
BRH:4
end_of_record
TN:
SF:src\components\MyComments\Comments\Comments.jsx
FN:4,(anonymous_0)
FN:11,(anonymous_1)
FN:12,(anonymous_2)
FNF:3
FNH:3
FNDA:397,(anonymous_0)
FNDA:2,(anonymous_1)
FNDA:2,(anonymous_2)
DA:4,2
DA:5,397
DA:11,2
DA:12,2
LF:4
LH:4
BRDA:7,0,0,397
BRDA:7,0,1,397
BRF:2
BRH:2
end_of_record
TN:
SF:src\components\MyPictures\MyPictures.jsx
FN:22,(anonymous_0)
FN:54,(anonymous_1)
FN:58,(anonymous_2)
FN:65,(anonymous_3)
FN:68,(anonymous_4)
FN:79,(anonymous_5)
FN:80,(anonymous_6)
FN:81,(anonymous_7)
FN:88,(anonymous_8)
FN:94,(anonymous_9)
FN:112,(anonymous_10)
FN:117,(anonymous_11)
FN:134,(anonymous_12)
FN:145,(anonymous_13)
FN:163,CellPositioner
FNF:15
FNH:9
FNDA:5,(anonymous_0)
FNDA:1,(anonymous_1)
FNDA:1,(anonymous_2)
FNDA:1,(anonymous_3)
FNDA:1,(anonymous_4)
FNDA:0,(anonymous_5)
FNDA:0,(anonymous_6)
FNDA:0,(anonymous_7)
FNDA:0,(anonymous_8)
FNDA:71,(anonymous_9)
FNDA:0,(anonymous_10)
FNDA:0,(anonymous_11)
FNDA:1,(anonymous_12)
FNDA:5,(anonymous_13)
FNDA:5,CellPositioner
DA:22,1
DA:23,5
DA:24,5
DA:32,5
DA:34,5
DA:51,5
DA:52,5
DA:54,5
DA:55,1
DA:56,1
DA:57,1
DA:58,1
DA:59,1
DA:61,1
DA:65,5
DA:66,1
DA:67,1
DA:68,1
DA:69,1
DA:70,1
DA:71,1
DA:72,1
DA:74,1
DA:75,1
DA:79,5
DA:80,0
DA:81,0
DA:82,0
DA:83,0
DA:84,0
DA:88,5
DA:89,0
DA:94,5
DA:95,71
DA:96,71
DA:98,71
DA:112,0
DA:117,0
DA:127,5
DA:134,1
DA:146,5
DA:164,5
DA:165,5
DA:166,5
DA:168,5
DA:175,5
LF:46
LH:38
BRDA:56,0,0,1
BRDA:56,0,1,0
BRDA:66,1,0,1
BRDA:66,1,1,0
BRDA:71,2,0,0
BRDA:71,2,1,1
BRDA:83,3,0,0
BRDA:83,3,1,0
BRDA:96,4,0,0
BRDA:96,4,1,71
BRF:10
BRH:4
end_of_record
TN:
SF:src\components\Navbar\Navbar.jsx
FN:5,(anonymous_0)
FNF:1
FNH:1
FNDA:1,(anonymous_0)
DA:5,1
DA:6,1
LF:2
LH:2
BRF:0
BRH:0
end_of_record
TN:
SF:src\components\PictureDetails\PictureDetails.jsx
FN:6,(anonymous_0)
FNF:1
FNH:1
FNDA:1,(anonymous_0)
DA:6,1
DA:7,1
DA:8,1
DA:10,1
LF:4
LH:4
BRDA:8,0,0,1
BRDA:8,0,1,0
BRF:2
BRH:1
end_of_record
TN:
SF:src\components\Profile\Profile.jsx
FN:7,(anonymous_0)
FNF:1
FNH:1
FNDA:1,(anonymous_0)
DA:7,1
DA:8,1
DA:10,1
LF:3
LH:3
BRF:0
BRH:0
end_of_record
